Arguments: 
  D:\Program Files\nodejs\node.exe D:\Program Files\nodejs\node_global\node_modules\yarn\bin\yarn.js install

PATH: 
  D:\Program Files\Git\mingw64\bin;D:\Program Files\Git\usr\bin;C:\Users\han\bin;C:\Program Files (x86)\Intel\iCLS Client;C:\Program Files\Intel\iCLS Client;C:\Windows\system32;C:\Windows;C:\Windows\System32\Wbem;C:\Windows\System32\WindowsPowerShell\v1.0;C:\Windows\System32\OpenSSH;C:\Program Files (x86)\Intel\Intel(R) Management Engine Components\DAL;C:\Program Files\Intel\Intel(R) Management Engine Components\DAL;C:\Program Files (x86)\Intel\Intel(R) Management Engine Components\IPT;C:\Program Files\Intel\Intel(R) Management Engine Components\IPT;D:\Program Files\Git\cmd;D:\Program Files\nvm;D:\Program Files\nodejs;D:\Program Files\nodejs;C:\Users\han\AppData\Local\pnpm;C:\Users\han\AppData\Local\Microsoft\WindowsApps;D:\Program Files\Microsoft VS Code\bin;D:\Program Files\nodejs\node_global;D:\Program Files\nvm;D:\Program Files\nodejs

Yarn version: 
  1.22.19

Node version: 
  16.20.0

Platform: 
  win32 x64

Trace: 
  Error: https://registry.npmmirror.com/@ant-design/icons/-/icons-5.2.5.tgz: ESOCKETTIMEDOUT
      at ClientRequest.<anonymous> (D:\Program Files\nodejs\node_global\node_modules\yarn\lib\cli.js:141517:19)
      at Object.onceWrapper (node:events:627:28)
      at ClientRequest.emit (node:events:513:28)
      at TLSSocket.emitRequestTimeout (node:_http_client:839:9)
      at Object.onceWrapper (node:events:627:28)
      at TLSSocket.emit (node:events:525:35)
      at TLSSocket.Socket._onTimeout (node:net:550:8)
      at listOnTimeout (node:internal/timers:559:17)
      at processTimers (node:internal/timers:502:7)

npm manifest: 
  {
    "name": "fe",
    "version": "1.0.0",
    "description": "",
    "main": "index.js",
    "scripts": {
      "start:dev": "cross-env NODE_ENV=development BASE_ENV=development webpack serve -c build/webpack.dev.ts",
      "start:test": "cross-env NODE_ENV=development BASE_ENV=test webpack serve -c build/webpack.dev.ts",
      "start:pre": "cross-env NODE_ENV=development BASE_ENV=pre webpack serve -c build/webpack.dev.ts",
      "start:prod": "cross-env NODE_ENV=development BASE_ENV=production webpack serve -c build/webpack.dev.ts",
      "build:dev": "cross-env NODE_ENV=production BASE_ENV=development webpack -c build/webpack.prod.ts",
      "build:test": "cross-env NODE_ENV=production BASE_ENV=test webpack -c build/webpack.prod.ts",
      "build:pre": "cross-env NODE_ENV=production BASE_ENV=pre webpack -c build/webpack.prod.ts",
      "build:prod": "cross-env NODE_ENV=production BASE_ENV=production webpack -c build/webpack.prod.ts",
      "build:analy": "cross-env NODE_ENV=production BASE_ENV=production webpack -c build/webpack.analy.ts"
    },
    "keywords": [],
    "author": "",
    "license": "ISC",
    "dependencies": {
      "antd": "^5.6.2",
      "axios": "^1.4.0",
      "dotenv": "^16.3.1",
      "mobx": "^6.9.0",
      "mobx-react": "^7.6.0",
      "mobx-react-router": "^5.0.1",
      "moment": "^2.29.4",
      "react": "^18.2.0",
      "react-dom": "^18.2.0",
      "react-router-dom": "^6.14.0"
    },
    "devDependencies": {
      "@babel/core": "^7.22.5",
      "@babel/plugin-proposal-decorators": "^7.22.5",
      "@babel/preset-env": "^7.22.5",
      "@babel/preset-react": "^7.22.5",
      "@babel/preset-typescript": "^7.22.5",
      "@pmmmwh/react-refresh-webpack-plugin": "^0.5.10",
      "@types/node": "^20.3.1",
      "@types/react": "^18.2.12",
      "@types/react-dom": "^18.2.5",
      "ansi-html-community": "^0.0.8",
      "babel-loader": "^9.1.2",
      "compression-webpack-plugin": "^10.0.0",
      "copy-webpack-plugin": "^11.0.0",
      "core-js": "^3.31.0",
      "cross-env": "^7.0.3",
      "css-loader": "^6.8.1",
      "css-minimizer-webpack-plugin": "^5.0.1",
      "events": "^3.3.0",
      "html-entities": "^2.3.6",
      "html-webpack-plugin": "^5.5.3",
      "less": "^4.1.3",
      "less-loader": "^11.1.3",
      "mini-css-extract-plugin": "^2.7.6",
      "node-sass": "^6.0.1",
      "react-refresh": "^0.14.0",
      "sass-loader": "^10.2.1",
      "speed-measure-webpack-plugin": "^1.5.0",
      "style-loader": "^3.3.3",
      "stylus": "^0.59.0",
      "stylus-loader": "^7.1.3",
      "terser-webpack-plugin": "^5.3.9",
      "ts-node": "^10.9.1",
      "typescript": "^5.1.3",
      "webpack": "^5.87.0",
      "webpack-bundle-analyzer": "^4.9.0",
      "webpack-cli": "^5.1.4",
      "webpack-dev-server": "^4.15.1",
      "webpack-merge": "^5.9.0"
    }
  }

yarn manifest: 
  No manifest

Lockfile: 
  No lockfile
